current directory: /home/peterheyboer/lighthouse/Jungle-Rails/ruby/3.1.0/gems/rmagick-4.2.5/ext/RMagick
/home/peterheyboer/.rvm/rubies/ruby-3.1.1/bin/ruby extconf.rb
checking for brew... no
checking for pacman... no
checking for Ruby version >= 2.3.0... yes
checking for pkg-config... yes
checking for outdated ImageMagick version (<= 6.7.7)... no
checking for gcc... yes
checking for __GNUC__... yes
checking for MagickCore/MagickCore.h... no
checking for magick/MagickCore.h... yes
checking for rb_gc_adjust_memory_usage() in assert.h,ctype.h,stdio.h,stdlib.h,math.h,time.h,sys/types.h,magick/MagickCore.h... yes
checking for posix_memalign() in assert.h,ctype.h,stdio.h,stdlib.h,math.h,time.h,sys/types.h,magick/MagickCore.h... yes
checking for malloc_usable_size() in assert.h,ctype.h,stdio.h,stdlib.h,math.h,time.h,sys/types.h,magick/MagickCore.h... yes
checking for malloc_size() in assert.h,ctype.h,stdio.h,stdlib.h,math.h,time.h,sys/types.h,magick/MagickCore.h... no
checking for _aligned_msize() in assert.h,ctype.h,stdio.h,stdlib.h,math.h,time.h,sys/types.h,magick/MagickCore.h... no
checking for GetImageChannelEntropy() in assert.h,ctype.h,stdio.h,stdlib.h,math.h,time.h,sys/types.h,magick/MagickCore.h... yes
checking for SetImageGray() in assert.h,ctype.h,stdio.h,stdlib.h,math.h,time.h,sys/types.h,magick/MagickCore.h... yes
checking for SetMagickAlignedMemoryMethods() in assert.h,ctype.h,stdio.h,stdlib.h,math.h,time.h,sys/types.h,magick/MagickCore.h... no
checking for malloc.h... yes
creating extconf.h
creating Makefile
======================================================================
Thu 13 Mar 25 14:53:12
This installation of RMagick 4.2.5 is configured for
Ruby 3.1.1 (x86_64-linux) and ImageMagick 6.9.10
======================================================================


Configured compile options: {:magick_version=>"6.9.10", :local_libs=>" -lMagickCore-6.Q16", :cppflags=>" -fopenmp -DMAGICKCORE_HDRI_ENABLE=0 -DMAGICKCORE_QUANTUM_DEPTH=16 -I/usr/include/x86_64-linux-gnu//ImageMagick-6 -I/usr/include/ImageMagick-6 -std=gnu99", :ldflags=>" -lMagickCore-6.Q16 -Wl,-rpath,", :defs=>[], :config_h=>"Makefile"}

current directory: /home/peterheyboer/lighthouse/Jungle-Rails/ruby/3.1.0/gems/rmagick-4.2.5/ext/RMagick
make DESTDIR\= sitearchdir\=./.gem.20250313-22599-rn7i35 sitelibdir\=./.gem.20250313-22599-rn7i35 clean

current directory: /home/peterheyboer/lighthouse/Jungle-Rails/ruby/3.1.0/gems/rmagick-4.2.5/ext/RMagick
make DESTDIR\= sitearchdir\=./.gem.20250313-22599-rn7i35 sitelibdir\=./.gem.20250313-22599-rn7i35
compiling rmagick.c
compiling rmdraw.c
compiling rmenum.c
compiling rmfill.c
compiling rmilist.c
compiling rmimage.c
compiling rminfo.c
compiling rmkinfo.c
compiling rmmain.c
rmmain.c:114:5: warning: "USE_RM_ALIGNED_MALLOC" is not defined, evaluates to 0 [-Wundef]
  114 | #if USE_RM_ALIGNED_MALLOC
      |     ^~~~~~~~~~~~~~~~~~~~~
rmmain.c: In function ‘managed_memory_enable’:
rmmain.c:195:5: warning: "USE_RM_ALIGNED_MALLOC" is not defined, evaluates to 0 [-Wundef]
  195 | #if USE_RM_ALIGNED_MALLOC
      |     ^~~~~~~~~~~~~~~~~~~~~
rmmain.c: At top level:
cc1: warning: unrecognized command line option ‘-Wno-self-assign’
cc1: warning: unrecognized command line option ‘-Wno-parentheses-equality’
cc1: warning: unrecognized command line option ‘-Wno-constant-logical-operand’
compiling rmmontage.c
compiling rmpixel.c
compiling rmstruct.c
compiling rmutil.c
linking shared-object RMagick2.so

current directory: /home/peterheyboer/lighthouse/Jungle-Rails/ruby/3.1.0/gems/rmagick-4.2.5/ext/RMagick
make DESTDIR\= sitearchdir\=./.gem.20250313-22599-rn7i35 sitelibdir\=./.gem.20250313-22599-rn7i35 install
/usr/bin/install -m 0755 RMagick2.so ./.gem.20250313-22599-rn7i35

current directory: /home/peterheyboer/lighthouse/Jungle-Rails/ruby/3.1.0/gems/rmagick-4.2.5/ext/RMagick
make DESTDIR\= sitearchdir\=./.gem.20250313-22599-rn7i35 sitelibdir\=./.gem.20250313-22599-rn7i35 clean
