find_executable: checking for brew... -------------------- no

--------------------

find_executable: checking for pacman... -------------------- no

--------------------

assert_minimum_ruby_version!: checking for Ruby version >= 2.3.0... -------------------- yes

--------------------

find_executable: checking for pkg-config... -------------------- yes

--------------------

assert_has_dev_libs!: checking for outdated ImageMagick version (<= 6.7.7)... -------------------- no

Detected ImageMagick version: 6.9.10
--------------------

find_executable: checking for gcc... -------------------- yes

--------------------

LD_LIBRARY_PATH=.:/home/peterheyboer/.rvm/rubies/ruby-3.1.1/lib "gcc -o conftest -I/home/peterheyboer/.rvm/rubies/ruby-3.1.1/include/ruby-3.1.0/x86_64-linux -I/home/peterheyboer/.rvm/rubies/ruby-3.1.1/include/ruby-3.1.0/ruby/backward -I/home/peterheyboer/.rvm/rubies/ruby-3.1.1/include/ruby-3.1.0 -I.  -fopenmp -DMAGICKCORE_HDRI_ENABLE=0 -DMAGICKCORE_QUANTUM_DEPTH=16 -I/usr/include/x86_64-linux-gnu//ImageMagick-6 -I/usr/include/ImageMagick-6 -O3 -fno-fast-math -ggdb3 -Wall -Wextra -Wdeprecated-declarations -Wduplicated-cond -Wimplicit-function-declaration -Wimplicit-int -Wmisleading-indentation -Wpointer-arith -Wwrite-strings -Wimplicit-fallthrough=0 -Wmissing-noreturn -Wno-cast-function-type -Wno-constant-logical-operand -Wno-long-long -Wno-missing-field-initializers -Wno-overlength-strings -Wno-packed-bitfield-compat -Wno-parentheses-equality -Wno-self-assign -Wno-tautological-compare -Wno-unused-parameter -Wno-unused-value -Wsuggest-attribute=format -Wsuggest-attribute=noreturn -Wunused-variable -Wundef  -fPIC conftest.c  -L. -L/home/peterheyboer/.rvm/rubies/ruby-3.1.1/lib -Wl,-rpath,/home/peterheyboer/.rvm/rubies/ruby-3.1.1/lib  -lMagickCore-6.Q16 -Wl,-rpath,    -lMagickCore-6.Q16  -Wl,-rpath,'/../lib' -Wl,-rpath,'/../lib' -lruby  -lm  -lc"
checked program was:
/* begin */
1: #include "ruby.h"
2: 
3: int main(int argc, char **argv)
4: {
5:   return !!argv[argc];
6: }
/* end */

LD_LIBRARY_PATH=.:/home/peterheyboer/.rvm/rubies/ruby-3.1.1/lib "gcc -o conftest -I/home/peterheyboer/.rvm/rubies/ruby-3.1.1/include/ruby-3.1.0/x86_64-linux -I/home/peterheyboer/.rvm/rubies/ruby-3.1.1/include/ruby-3.1.0/ruby/backward -I/home/peterheyboer/.rvm/rubies/ruby-3.1.1/include/ruby-3.1.0 -I.  -fopenmp -DMAGICKCORE_HDRI_ENABLE=0 -DMAGICKCORE_QUANTUM_DEPTH=16 -I/usr/include/x86_64-linux-gnu//ImageMagick-6 -I/usr/include/ImageMagick-6 -O3 -fno-fast-math -ggdb3 -Wall -Wextra -Wdeprecated-declarations -Wduplicated-cond -Wimplicit-function-declaration -Wimplicit-int -Wmisleading-indentation -Wpointer-arith -Wwrite-strings -Wimplicit-fallthrough=0 -Wmissing-noreturn -Wno-cast-function-type -Wno-constant-logical-operand -Wno-long-long -Wno-missing-field-initializers -Wno-overlength-strings -Wno-packed-bitfield-compat -Wno-parentheses-equality -Wno-self-assign -Wno-tautological-compare -Wno-unused-parameter -Wno-unused-value -Wsuggest-attribute=format -Wsuggest-attribute=noreturn -Wunused-variable -Wundef  -fPIC conftest.c  -L. -L/home/peterheyboer/.rvm/rubies/ruby-3.1.1/lib -Wl,-rpath,/home/peterheyboer/.rvm/rubies/ruby-3.1.1/lib  -lMagickCore-6.Q16 -Wl,-rpath,    -lMagickCore-6.Q16  -Wl,-rpath,'/../lib' -Wl,-rpath,'/../lib' -lruby  -lm  -lc"
checked program was:
/* begin */
1: #include "ruby.h"
2: 
3: int main() { }
/* end */

have_macro: checking for __GNUC__... -------------------- yes

LD_LIBRARY_PATH=.:/home/peterheyboer/.rvm/rubies/ruby-3.1.1/lib "gcc -I/home/peterheyboer/.rvm/rubies/ruby-3.1.1/include/ruby-3.1.0/x86_64-linux -I/home/peterheyboer/.rvm/rubies/ruby-3.1.1/include/ruby-3.1.0/ruby/backward -I/home/peterheyboer/.rvm/rubies/ruby-3.1.1/include/ruby-3.1.0 -I.  -fopenmp -DMAGICKCORE_HDRI_ENABLE=0 -DMAGICKCORE_QUANTUM_DEPTH=16 -I/usr/include/x86_64-linux-gnu//ImageMagick-6 -I/usr/include/ImageMagick-6 -O3 -fno-fast-math -ggdb3 -Wall -Wextra -Wdeprecated-declarations -Wduplicated-cond -Wimplicit-function-declaration -Wimplicit-int -Wmisleading-indentation -Wpointer-arith -Wwrite-strings -Wimplicit-fallthrough=0 -Wmissing-noreturn -Wno-cast-function-type -Wno-constant-logical-operand -Wno-long-long -Wno-missing-field-initializers -Wno-overlength-strings -Wno-packed-bitfield-compat -Wno-parentheses-equality -Wno-self-assign -Wno-tautological-compare -Wno-unused-parameter -Wno-unused-value -Wsuggest-attribute=format -Wsuggest-attribute=noreturn -Wunused-variable -Wundef  -fPIC   -c conftest.c"
checked program was:
/* begin */
1: #include "ruby.h"
2: 
3: /*top*/
4: #ifndef __GNUC__
5: # error
6: |:/ === __GNUC__ undefined === /:|
7: #endif
/* end */

--------------------

have_header: checking for MagickCore/MagickCore.h... -------------------- no

LD_LIBRARY_PATH=.:/home/peterheyboer/.rvm/rubies/ruby-3.1.1/lib "gcc -I/home/peterheyboer/.rvm/rubies/ruby-3.1.1/include/ruby-3.1.0/x86_64-linux -I/home/peterheyboer/.rvm/rubies/ruby-3.1.1/include/ruby-3.1.0/ruby/backward -I/home/peterheyboer/.rvm/rubies/ruby-3.1.1/include/ruby-3.1.0 -I.  -fopenmp -DMAGICKCORE_HDRI_ENABLE=0 -DMAGICKCORE_QUANTUM_DEPTH=16 -I/usr/include/x86_64-linux-gnu//ImageMagick-6 -I/usr/include/ImageMagick-6 -std=gnu99 -O3 -fno-fast-math -ggdb3 -Wall -Wextra -Wdeprecated-declarations -Wduplicated-cond -Wimplicit-function-declaration -Wimplicit-int -Wmisleading-indentation -Wpointer-arith -Wwrite-strings -Wimplicit-fallthrough=0 -Wmissing-noreturn -Wno-cast-function-type -Wno-constant-logical-operand -Wno-long-long -Wno-missing-field-initializers -Wno-overlength-strings -Wno-packed-bitfield-compat -Wno-parentheses-equality -Wno-self-assign -Wno-tautological-compare -Wno-unused-parameter -Wno-unused-value -Wsuggest-attribute=format -Wsuggest-attribute=noreturn -Wunused-variable -Wundef  -fPIC   -c conftest.c"
conftest.c:3:10: fatal error: MagickCore/MagickCore.h: No such file or directory
    3 | #include <MagickCore/MagickCore.h>
      |          ^~~~~~~~~~~~~~~~~~~~~~~~~
compilation terminated.
checked program was:
/* begin */
1: #include "ruby.h"
2: 
3: #include <MagickCore/MagickCore.h>
/* end */

--------------------

have_header: checking for magick/MagickCore.h... -------------------- yes

LD_LIBRARY_PATH=.:/home/peterheyboer/.rvm/rubies/ruby-3.1.1/lib "gcc -I/home/peterheyboer/.rvm/rubies/ruby-3.1.1/include/ruby-3.1.0/x86_64-linux -I/home/peterheyboer/.rvm/rubies/ruby-3.1.1/include/ruby-3.1.0/ruby/backward -I/home/peterheyboer/.rvm/rubies/ruby-3.1.1/include/ruby-3.1.0 -I.  -fopenmp -DMAGICKCORE_HDRI_ENABLE=0 -DMAGICKCORE_QUANTUM_DEPTH=16 -I/usr/include/x86_64-linux-gnu//ImageMagick-6 -I/usr/include/ImageMagick-6 -std=gnu99 -O3 -fno-fast-math -ggdb3 -Wall -Wextra -Wdeprecated-declarations -Wduplicated-cond -Wimplicit-function-declaration -Wimplicit-int -Wmisleading-indentation -Wpointer-arith -Wwrite-strings -Wimplicit-fallthrough=0 -Wmissing-noreturn -Wno-cast-function-type -Wno-constant-logical-operand -Wno-long-long -Wno-missing-field-initializers -Wno-overlength-strings -Wno-packed-bitfield-compat -Wno-parentheses-equality -Wno-self-assign -Wno-tautological-compare -Wno-unused-parameter -Wno-unused-value -Wsuggest-attribute=format -Wsuggest-attribute=noreturn -Wunused-variable -Wundef  -fPIC   -c conftest.c"
checked program was:
/* begin */
1: #include "ruby.h"
2: 
3: #include <magick/MagickCore.h>
/* end */

--------------------

have_func: checking for rb_gc_adjust_memory_usage() in assert.h,ctype.h,stdio.h,stdlib.h,math.h,time.h,sys/types.h,magick/MagickCore.h... -------------------- yes

LD_LIBRARY_PATH=.:/home/peterheyboer/.rvm/rubies/ruby-3.1.1/lib "gcc -o conftest -I/home/peterheyboer/.rvm/rubies/ruby-3.1.1/include/ruby-3.1.0/x86_64-linux -I/home/peterheyboer/.rvm/rubies/ruby-3.1.1/include/ruby-3.1.0/ruby/backward -I/home/peterheyboer/.rvm/rubies/ruby-3.1.1/include/ruby-3.1.0 -I.  -fopenmp -DMAGICKCORE_HDRI_ENABLE=0 -DMAGICKCORE_QUANTUM_DEPTH=16 -I/usr/include/x86_64-linux-gnu//ImageMagick-6 -I/usr/include/ImageMagick-6 -std=gnu99 -O3 -fno-fast-math -ggdb3 -Wall -Wextra -Wdeprecated-declarations -Wduplicated-cond -Wimplicit-function-declaration -Wimplicit-int -Wmisleading-indentation -Wpointer-arith -Wwrite-strings -Wimplicit-fallthrough=0 -Wmissing-noreturn -Wno-cast-function-type -Wno-constant-logical-operand -Wno-long-long -Wno-missing-field-initializers -Wno-overlength-strings -Wno-packed-bitfield-compat -Wno-parentheses-equality -Wno-self-assign -Wno-tautological-compare -Wno-unused-parameter -Wno-unused-value -Wsuggest-attribute=format -Wsuggest-attribute=noreturn -Wunused-variable -Wundef  -fPIC conftest.c  -L. -L/home/peterheyboer/.rvm/rubies/ruby-3.1.1/lib -Wl,-rpath,/home/peterheyboer/.rvm/rubies/ruby-3.1.1/lib  -lMagickCore-6.Q16 -Wl,-rpath,    -lMagickCore-6.Q16  -Wl,-rpath,'/../lib' -Wl,-rpath,'/../lib' -lruby  -lm  -lc"
checked program was:
/* begin */
 1: #include "ruby.h"
 2: 
 3: #include <assert.h>
 4: #include <ctype.h>
 5: #include <stdio.h>
 6: #include <stdlib.h>
 7: #include <math.h>
 8: #include <time.h>
 9: #include <sys/types.h>
10: #include <magick/MagickCore.h>
11: 
12: /*top*/
13: extern int t(void);
14: int main(int argc, char **argv)
15: {
16:   if (argc > 1000000) {
17:     int (* volatile tp)(void)=(int (*)(void))&t;
18:     printf("%d", (*tp)());
19:   }
20: 
21:   return !!argv[argc];
22: }
23: int t(void) { void ((*volatile p)()); p = (void ((*)()))rb_gc_adjust_memory_usage; return !p; }
/* end */

--------------------

have_func: checking for posix_memalign() in assert.h,ctype.h,stdio.h,stdlib.h,math.h,time.h,sys/types.h,magick/MagickCore.h... -------------------- yes

LD_LIBRARY_PATH=.:/home/peterheyboer/.rvm/rubies/ruby-3.1.1/lib "gcc -o conftest -I/home/peterheyboer/.rvm/rubies/ruby-3.1.1/include/ruby-3.1.0/x86_64-linux -I/home/peterheyboer/.rvm/rubies/ruby-3.1.1/include/ruby-3.1.0/ruby/backward -I/home/peterheyboer/.rvm/rubies/ruby-3.1.1/include/ruby-3.1.0 -I.  -fopenmp -DMAGICKCORE_HDRI_ENABLE=0 -DMAGICKCORE_QUANTUM_DEPTH=16 -I/usr/include/x86_64-linux-gnu//ImageMagick-6 -I/usr/include/ImageMagick-6 -std=gnu99 -O3 -fno-fast-math -ggdb3 -Wall -Wextra -Wdeprecated-declarations -Wduplicated-cond -Wimplicit-function-declaration -Wimplicit-int -Wmisleading-indentation -Wpointer-arith -Wwrite-strings -Wimplicit-fallthrough=0 -Wmissing-noreturn -Wno-cast-function-type -Wno-constant-logical-operand -Wno-long-long -Wno-missing-field-initializers -Wno-overlength-strings -Wno-packed-bitfield-compat -Wno-parentheses-equality -Wno-self-assign -Wno-tautological-compare -Wno-unused-parameter -Wno-unused-value -Wsuggest-attribute=format -Wsuggest-attribute=noreturn -Wunused-variable -Wundef  -fPIC conftest.c  -L. -L/home/peterheyboer/.rvm/rubies/ruby-3.1.1/lib -Wl,-rpath,/home/peterheyboer/.rvm/rubies/ruby-3.1.1/lib  -lMagickCore-6.Q16 -Wl,-rpath,    -lMagickCore-6.Q16  -Wl,-rpath,'/../lib' -Wl,-rpath,'/../lib' -lruby  -lm  -lc"
checked program was:
/* begin */
 1: #include "ruby.h"
 2: 
 3: #include <assert.h>
 4: #include <ctype.h>
 5: #include <stdio.h>
 6: #include <stdlib.h>
 7: #include <math.h>
 8: #include <time.h>
 9: #include <sys/types.h>
10: #include <magick/MagickCore.h>
11: 
12: /*top*/
13: extern int t(void);
14: int main(int argc, char **argv)
15: {
16:   if (argc > 1000000) {
17:     int (* volatile tp)(void)=(int (*)(void))&t;
18:     printf("%d", (*tp)());
19:   }
20: 
21:   return !!argv[argc];
22: }
23: int t(void) { void ((*volatile p)()); p = (void ((*)()))posix_memalign; return !p; }
/* end */

--------------------

have_func: checking for malloc_usable_size() in assert.h,ctype.h,stdio.h,stdlib.h,math.h,time.h,sys/types.h,magick/MagickCore.h... -------------------- yes

LD_LIBRARY_PATH=.:/home/peterheyboer/.rvm/rubies/ruby-3.1.1/lib "gcc -o conftest -I/home/peterheyboer/.rvm/rubies/ruby-3.1.1/include/ruby-3.1.0/x86_64-linux -I/home/peterheyboer/.rvm/rubies/ruby-3.1.1/include/ruby-3.1.0/ruby/backward -I/home/peterheyboer/.rvm/rubies/ruby-3.1.1/include/ruby-3.1.0 -I.  -fopenmp -DMAGICKCORE_HDRI_ENABLE=0 -DMAGICKCORE_QUANTUM_DEPTH=16 -I/usr/include/x86_64-linux-gnu//ImageMagick-6 -I/usr/include/ImageMagick-6 -std=gnu99 -O3 -fno-fast-math -ggdb3 -Wall -Wextra -Wdeprecated-declarations -Wduplicated-cond -Wimplicit-function-declaration -Wimplicit-int -Wmisleading-indentation -Wpointer-arith -Wwrite-strings -Wimplicit-fallthrough=0 -Wmissing-noreturn -Wno-cast-function-type -Wno-constant-logical-operand -Wno-long-long -Wno-missing-field-initializers -Wno-overlength-strings -Wno-packed-bitfield-compat -Wno-parentheses-equality -Wno-self-assign -Wno-tautological-compare -Wno-unused-parameter -Wno-unused-value -Wsuggest-attribute=format -Wsuggest-attribute=noreturn -Wunused-variable -Wundef  -fPIC conftest.c  -L. -L/home/peterheyboer/.rvm/rubies/ruby-3.1.1/lib -Wl,-rpath,/home/peterheyboer/.rvm/rubies/ruby-3.1.1/lib  -lMagickCore-6.Q16 -Wl,-rpath,    -lMagickCore-6.Q16  -Wl,-rpath,'/../lib' -Wl,-rpath,'/../lib' -lruby  -lm  -lc"
conftest.c: In function ‘t’:
conftest.c:23:57: error: ‘malloc_usable_size’ undeclared (first use in this function)
   23 | int t(void) { void ((*volatile p)()); p = (void ((*)()))malloc_usable_size; return !p; }
      |                                                         ^~~~~~~~~~~~~~~~~~
conftest.c:23:57: note: each undeclared identifier is reported only once for each function it appears in
conftest.c: At top level:
cc1: warning: unrecognized command line option ‘-Wno-self-assign’
cc1: warning: unrecognized command line option ‘-Wno-parentheses-equality’
cc1: warning: unrecognized command line option ‘-Wno-constant-logical-operand’
checked program was:
/* begin */
 1: #include "ruby.h"
 2: 
 3: #include <assert.h>
 4: #include <ctype.h>
 5: #include <stdio.h>
 6: #include <stdlib.h>
 7: #include <math.h>
 8: #include <time.h>
 9: #include <sys/types.h>
10: #include <magick/MagickCore.h>
11: 
12: /*top*/
13: extern int t(void);
14: int main(int argc, char **argv)
15: {
16:   if (argc > 1000000) {
17:     int (* volatile tp)(void)=(int (*)(void))&t;
18:     printf("%d", (*tp)());
19:   }
20: 
21:   return !!argv[argc];
22: }
23: int t(void) { void ((*volatile p)()); p = (void ((*)()))malloc_usable_size; return !p; }
/* end */

LD_LIBRARY_PATH=.:/home/peterheyboer/.rvm/rubies/ruby-3.1.1/lib "gcc -o conftest -I/home/peterheyboer/.rvm/rubies/ruby-3.1.1/include/ruby-3.1.0/x86_64-linux -I/home/peterheyboer/.rvm/rubies/ruby-3.1.1/include/ruby-3.1.0/ruby/backward -I/home/peterheyboer/.rvm/rubies/ruby-3.1.1/include/ruby-3.1.0 -I.  -fopenmp -DMAGICKCORE_HDRI_ENABLE=0 -DMAGICKCORE_QUANTUM_DEPTH=16 -I/usr/include/x86_64-linux-gnu//ImageMagick-6 -I/usr/include/ImageMagick-6 -std=gnu99 -O3 -fno-fast-math -ggdb3 -Wall -Wextra -Wdeprecated-declarations -Wduplicated-cond -Wimplicit-function-declaration -Wimplicit-int -Wmisleading-indentation -Wpointer-arith -Wwrite-strings -Wimplicit-fallthrough=0 -Wmissing-noreturn -Wno-cast-function-type -Wno-constant-logical-operand -Wno-long-long -Wno-missing-field-initializers -Wno-overlength-strings -Wno-packed-bitfield-compat -Wno-parentheses-equality -Wno-self-assign -Wno-tautological-compare -Wno-unused-parameter -Wno-unused-value -Wsuggest-attribute=format -Wsuggest-attribute=noreturn -Wunused-variable -Wundef  -fPIC conftest.c  -L. -L/home/peterheyboer/.rvm/rubies/ruby-3.1.1/lib -Wl,-rpath,/home/peterheyboer/.rvm/rubies/ruby-3.1.1/lib  -lMagickCore-6.Q16 -Wl,-rpath,    -lMagickCore-6.Q16  -Wl,-rpath,'/../lib' -Wl,-rpath,'/../lib' -lruby  -lm  -lc"
checked program was:
/* begin */
 1: #include "ruby.h"
 2: 
 3: #include <assert.h>
 4: #include <ctype.h>
 5: #include <stdio.h>
 6: #include <stdlib.h>
 7: #include <math.h>
 8: #include <time.h>
 9: #include <sys/types.h>
10: #include <magick/MagickCore.h>
11: 
12: /*top*/
13: extern int t(void);
14: int main(int argc, char **argv)
15: {
16:   if (argc > 1000000) {
17:     int (* volatile tp)(void)=(int (*)(void))&t;
18:     printf("%d", (*tp)());
19:   }
20: 
21:   return !!argv[argc];
22: }
23: extern void malloc_usable_size();
24: int t(void) { malloc_usable_size(); return 0; }
/* end */

--------------------

have_func: checking for malloc_size() in assert.h,ctype.h,stdio.h,stdlib.h,math.h,time.h,sys/types.h,magick/MagickCore.h... -------------------- no

LD_LIBRARY_PATH=.:/home/peterheyboer/.rvm/rubies/ruby-3.1.1/lib "gcc -o conftest -I/home/peterheyboer/.rvm/rubies/ruby-3.1.1/include/ruby-3.1.0/x86_64-linux -I/home/peterheyboer/.rvm/rubies/ruby-3.1.1/include/ruby-3.1.0/ruby/backward -I/home/peterheyboer/.rvm/rubies/ruby-3.1.1/include/ruby-3.1.0 -I.  -fopenmp -DMAGICKCORE_HDRI_ENABLE=0 -DMAGICKCORE_QUANTUM_DEPTH=16 -I/usr/include/x86_64-linux-gnu//ImageMagick-6 -I/usr/include/ImageMagick-6 -std=gnu99 -O3 -fno-fast-math -ggdb3 -Wall -Wextra -Wdeprecated-declarations -Wduplicated-cond -Wimplicit-function-declaration -Wimplicit-int -Wmisleading-indentation -Wpointer-arith -Wwrite-strings -Wimplicit-fallthrough=0 -Wmissing-noreturn -Wno-cast-function-type -Wno-constant-logical-operand -Wno-long-long -Wno-missing-field-initializers -Wno-overlength-strings -Wno-packed-bitfield-compat -Wno-parentheses-equality -Wno-self-assign -Wno-tautological-compare -Wno-unused-parameter -Wno-unused-value -Wsuggest-attribute=format -Wsuggest-attribute=noreturn -Wunused-variable -Wundef  -fPIC conftest.c  -L. -L/home/peterheyboer/.rvm/rubies/ruby-3.1.1/lib -Wl,-rpath,/home/peterheyboer/.rvm/rubies/ruby-3.1.1/lib  -lMagickCore-6.Q16 -Wl,-rpath,    -lMagickCore-6.Q16  -Wl,-rpath,'/../lib' -Wl,-rpath,'/../lib' -lruby  -lm  -lc"
conftest.c: In function ‘t’:
conftest.c:23:57: error: ‘malloc_size’ undeclared (first use in this function)
   23 | int t(void) { void ((*volatile p)()); p = (void ((*)()))malloc_size; return !p; }
      |                                                         ^~~~~~~~~~~
conftest.c:23:57: note: each undeclared identifier is reported only once for each function it appears in
conftest.c: At top level:
cc1: warning: unrecognized command line option ‘-Wno-self-assign’
cc1: warning: unrecognized command line option ‘-Wno-parentheses-equality’
cc1: warning: unrecognized command line option ‘-Wno-constant-logical-operand’
checked program was:
/* begin */
 1: #include "ruby.h"
 2: 
 3: #include <assert.h>
 4: #include <ctype.h>
 5: #include <stdio.h>
 6: #include <stdlib.h>
 7: #include <math.h>
 8: #include <time.h>
 9: #include <sys/types.h>
10: #include <magick/MagickCore.h>
11: 
12: /*top*/
13: extern int t(void);
14: int main(int argc, char **argv)
15: {
16:   if (argc > 1000000) {
17:     int (* volatile tp)(void)=(int (*)(void))&t;
18:     printf("%d", (*tp)());
19:   }
20: 
21:   return !!argv[argc];
22: }
23: int t(void) { void ((*volatile p)()); p = (void ((*)()))malloc_size; return !p; }
/* end */

LD_LIBRARY_PATH=.:/home/peterheyboer/.rvm/rubies/ruby-3.1.1/lib "gcc -o conftest -I/home/peterheyboer/.rvm/rubies/ruby-3.1.1/include/ruby-3.1.0/x86_64-linux -I/home/peterheyboer/.rvm/rubies/ruby-3.1.1/include/ruby-3.1.0/ruby/backward -I/home/peterheyboer/.rvm/rubies/ruby-3.1.1/include/ruby-3.1.0 -I.  -fopenmp -DMAGICKCORE_HDRI_ENABLE=0 -DMAGICKCORE_QUANTUM_DEPTH=16 -I/usr/include/x86_64-linux-gnu//ImageMagick-6 -I/usr/include/ImageMagick-6 -std=gnu99 -O3 -fno-fast-math -ggdb3 -Wall -Wextra -Wdeprecated-declarations -Wduplicated-cond -Wimplicit-function-declaration -Wimplicit-int -Wmisleading-indentation -Wpointer-arith -Wwrite-strings -Wimplicit-fallthrough=0 -Wmissing-noreturn -Wno-cast-function-type -Wno-constant-logical-operand -Wno-long-long -Wno-missing-field-initializers -Wno-overlength-strings -Wno-packed-bitfield-compat -Wno-parentheses-equality -Wno-self-assign -Wno-tautological-compare -Wno-unused-parameter -Wno-unused-value -Wsuggest-attribute=format -Wsuggest-attribute=noreturn -Wunused-variable -Wundef  -fPIC conftest.c  -L. -L/home/peterheyboer/.rvm/rubies/ruby-3.1.1/lib -Wl,-rpath,/home/peterheyboer/.rvm/rubies/ruby-3.1.1/lib  -lMagickCore-6.Q16 -Wl,-rpath,    -lMagickCore-6.Q16  -Wl,-rpath,'/../lib' -Wl,-rpath,'/../lib' -lruby  -lm  -lc"
/usr/bin/ld: /tmp/cc5zbzgW.o: in function `t':
/home/peterheyboer/lighthouse/Jungle-Rails/ruby/3.1.0/gems/rmagick-4.2.5/ext/RMagick/conftest.c:24: undefined reference to `malloc_size'
collect2: error: ld returned 1 exit status
checked program was:
/* begin */
 1: #include "ruby.h"
 2: 
 3: #include <assert.h>
 4: #include <ctype.h>
 5: #include <stdio.h>
 6: #include <stdlib.h>
 7: #include <math.h>
 8: #include <time.h>
 9: #include <sys/types.h>
10: #include <magick/MagickCore.h>
11: 
12: /*top*/
13: extern int t(void);
14: int main(int argc, char **argv)
15: {
16:   if (argc > 1000000) {
17:     int (* volatile tp)(void)=(int (*)(void))&t;
18:     printf("%d", (*tp)());
19:   }
20: 
21:   return !!argv[argc];
22: }
23: extern void malloc_size();
24: int t(void) { malloc_size(); return 0; }
/* end */

--------------------

have_func: checking for _aligned_msize() in assert.h,ctype.h,stdio.h,stdlib.h,math.h,time.h,sys/types.h,magick/MagickCore.h... -------------------- no

LD_LIBRARY_PATH=.:/home/peterheyboer/.rvm/rubies/ruby-3.1.1/lib "gcc -o conftest -I/home/peterheyboer/.rvm/rubies/ruby-3.1.1/include/ruby-3.1.0/x86_64-linux -I/home/peterheyboer/.rvm/rubies/ruby-3.1.1/include/ruby-3.1.0/ruby/backward -I/home/peterheyboer/.rvm/rubies/ruby-3.1.1/include/ruby-3.1.0 -I.  -fopenmp -DMAGICKCORE_HDRI_ENABLE=0 -DMAGICKCORE_QUANTUM_DEPTH=16 -I/usr/include/x86_64-linux-gnu//ImageMagick-6 -I/usr/include/ImageMagick-6 -std=gnu99 -O3 -fno-fast-math -ggdb3 -Wall -Wextra -Wdeprecated-declarations -Wduplicated-cond -Wimplicit-function-declaration -Wimplicit-int -Wmisleading-indentation -Wpointer-arith -Wwrite-strings -Wimplicit-fallthrough=0 -Wmissing-noreturn -Wno-cast-function-type -Wno-constant-logical-operand -Wno-long-long -Wno-missing-field-initializers -Wno-overlength-strings -Wno-packed-bitfield-compat -Wno-parentheses-equality -Wno-self-assign -Wno-tautological-compare -Wno-unused-parameter -Wno-unused-value -Wsuggest-attribute=format -Wsuggest-attribute=noreturn -Wunused-variable -Wundef  -fPIC conftest.c  -L. -L/home/peterheyboer/.rvm/rubies/ruby-3.1.1/lib -Wl,-rpath,/home/peterheyboer/.rvm/rubies/ruby-3.1.1/lib  -lMagickCore-6.Q16 -Wl,-rpath,    -lMagickCore-6.Q16  -Wl,-rpath,'/../lib' -Wl,-rpath,'/../lib' -lruby  -lm  -lc"
conftest.c: In function ‘t’:
conftest.c:23:57: error: ‘_aligned_msize’ undeclared (first use in this function)
   23 | int t(void) { void ((*volatile p)()); p = (void ((*)()))_aligned_msize; return !p; }
      |                                                         ^~~~~~~~~~~~~~
conftest.c:23:57: note: each undeclared identifier is reported only once for each function it appears in
conftest.c: At top level:
cc1: warning: unrecognized command line option ‘-Wno-self-assign’
cc1: warning: unrecognized command line option ‘-Wno-parentheses-equality’
cc1: warning: unrecognized command line option ‘-Wno-constant-logical-operand’
checked program was:
/* begin */
 1: #include "ruby.h"
 2: 
 3: #include <assert.h>
 4: #include <ctype.h>
 5: #include <stdio.h>
 6: #include <stdlib.h>
 7: #include <math.h>
 8: #include <time.h>
 9: #include <sys/types.h>
10: #include <magick/MagickCore.h>
11: 
12: /*top*/
13: extern int t(void);
14: int main(int argc, char **argv)
15: {
16:   if (argc > 1000000) {
17:     int (* volatile tp)(void)=(int (*)(void))&t;
18:     printf("%d", (*tp)());
19:   }
20: 
21:   return !!argv[argc];
22: }
23: int t(void) { void ((*volatile p)()); p = (void ((*)()))_aligned_msize; return !p; }
/* end */

LD_LIBRARY_PATH=.:/home/peterheyboer/.rvm/rubies/ruby-3.1.1/lib "gcc -o conftest -I/home/peterheyboer/.rvm/rubies/ruby-3.1.1/include/ruby-3.1.0/x86_64-linux -I/home/peterheyboer/.rvm/rubies/ruby-3.1.1/include/ruby-3.1.0/ruby/backward -I/home/peterheyboer/.rvm/rubies/ruby-3.1.1/include/ruby-3.1.0 -I.  -fopenmp -DMAGICKCORE_HDRI_ENABLE=0 -DMAGICKCORE_QUANTUM_DEPTH=16 -I/usr/include/x86_64-linux-gnu//ImageMagick-6 -I/usr/include/ImageMagick-6 -std=gnu99 -O3 -fno-fast-math -ggdb3 -Wall -Wextra -Wdeprecated-declarations -Wduplicated-cond -Wimplicit-function-declaration -Wimplicit-int -Wmisleading-indentation -Wpointer-arith -Wwrite-strings -Wimplicit-fallthrough=0 -Wmissing-noreturn -Wno-cast-function-type -Wno-constant-logical-operand -Wno-long-long -Wno-missing-field-initializers -Wno-overlength-strings -Wno-packed-bitfield-compat -Wno-parentheses-equality -Wno-self-assign -Wno-tautological-compare -Wno-unused-parameter -Wno-unused-value -Wsuggest-attribute=format -Wsuggest-attribute=noreturn -Wunused-variable -Wundef  -fPIC conftest.c  -L. -L/home/peterheyboer/.rvm/rubies/ruby-3.1.1/lib -Wl,-rpath,/home/peterheyboer/.rvm/rubies/ruby-3.1.1/lib  -lMagickCore-6.Q16 -Wl,-rpath,    -lMagickCore-6.Q16  -Wl,-rpath,'/../lib' -Wl,-rpath,'/../lib' -lruby  -lm  -lc"
/usr/bin/ld: /tmp/ccPl9UfX.o: in function `t':
/home/peterheyboer/lighthouse/Jungle-Rails/ruby/3.1.0/gems/rmagick-4.2.5/ext/RMagick/conftest.c:24: undefined reference to `_aligned_msize'
collect2: error: ld returned 1 exit status
checked program was:
/* begin */
 1: #include "ruby.h"
 2: 
 3: #include <assert.h>
 4: #include <ctype.h>
 5: #include <stdio.h>
 6: #include <stdlib.h>
 7: #include <math.h>
 8: #include <time.h>
 9: #include <sys/types.h>
10: #include <magick/MagickCore.h>
11: 
12: /*top*/
13: extern int t(void);
14: int main(int argc, char **argv)
15: {
16:   if (argc > 1000000) {
17:     int (* volatile tp)(void)=(int (*)(void))&t;
18:     printf("%d", (*tp)());
19:   }
20: 
21:   return !!argv[argc];
22: }
23: extern void _aligned_msize();
24: int t(void) { _aligned_msize(); return 0; }
/* end */

--------------------

have_func: checking for GetImageChannelEntropy() in assert.h,ctype.h,stdio.h,stdlib.h,math.h,time.h,sys/types.h,magick/MagickCore.h... -------------------- yes

LD_LIBRARY_PATH=.:/home/peterheyboer/.rvm/rubies/ruby-3.1.1/lib "gcc -o conftest -I/home/peterheyboer/.rvm/rubies/ruby-3.1.1/include/ruby-3.1.0/x86_64-linux -I/home/peterheyboer/.rvm/rubies/ruby-3.1.1/include/ruby-3.1.0/ruby/backward -I/home/peterheyboer/.rvm/rubies/ruby-3.1.1/include/ruby-3.1.0 -I.  -fopenmp -DMAGICKCORE_HDRI_ENABLE=0 -DMAGICKCORE_QUANTUM_DEPTH=16 -I/usr/include/x86_64-linux-gnu//ImageMagick-6 -I/usr/include/ImageMagick-6 -std=gnu99 -O3 -fno-fast-math -ggdb3 -Wall -Wextra -Wdeprecated-declarations -Wduplicated-cond -Wimplicit-function-declaration -Wimplicit-int -Wmisleading-indentation -Wpointer-arith -Wwrite-strings -Wimplicit-fallthrough=0 -Wmissing-noreturn -Wno-cast-function-type -Wno-constant-logical-operand -Wno-long-long -Wno-missing-field-initializers -Wno-overlength-strings -Wno-packed-bitfield-compat -Wno-parentheses-equality -Wno-self-assign -Wno-tautological-compare -Wno-unused-parameter -Wno-unused-value -Wsuggest-attribute=format -Wsuggest-attribute=noreturn -Wunused-variable -Wundef  -fPIC conftest.c  -L. -L/home/peterheyboer/.rvm/rubies/ruby-3.1.1/lib -Wl,-rpath,/home/peterheyboer/.rvm/rubies/ruby-3.1.1/lib  -lMagickCore-6.Q16 -Wl,-rpath,    -lMagickCore-6.Q16  -Wl,-rpath,'/../lib' -Wl,-rpath,'/../lib' -lruby  -lm  -lc"
checked program was:
/* begin */
 1: #include "ruby.h"
 2: 
 3: #include <assert.h>
 4: #include <ctype.h>
 5: #include <stdio.h>
 6: #include <stdlib.h>
 7: #include <math.h>
 8: #include <time.h>
 9: #include <sys/types.h>
10: #include <magick/MagickCore.h>
11: 
12: /*top*/
13: extern int t(void);
14: int main(int argc, char **argv)
15: {
16:   if (argc > 1000000) {
17:     int (* volatile tp)(void)=(int (*)(void))&t;
18:     printf("%d", (*tp)());
19:   }
20: 
21:   return !!argv[argc];
22: }
23: int t(void) { void ((*volatile p)()); p = (void ((*)()))GetImageChannelEntropy; return !p; }
/* end */

--------------------

have_func: checking for SetImageGray() in assert.h,ctype.h,stdio.h,stdlib.h,math.h,time.h,sys/types.h,magick/MagickCore.h... -------------------- yes

LD_LIBRARY_PATH=.:/home/peterheyboer/.rvm/rubies/ruby-3.1.1/lib "gcc -o conftest -I/home/peterheyboer/.rvm/rubies/ruby-3.1.1/include/ruby-3.1.0/x86_64-linux -I/home/peterheyboer/.rvm/rubies/ruby-3.1.1/include/ruby-3.1.0/ruby/backward -I/home/peterheyboer/.rvm/rubies/ruby-3.1.1/include/ruby-3.1.0 -I.  -fopenmp -DMAGICKCORE_HDRI_ENABLE=0 -DMAGICKCORE_QUANTUM_DEPTH=16 -I/usr/include/x86_64-linux-gnu//ImageMagick-6 -I/usr/include/ImageMagick-6 -std=gnu99 -O3 -fno-fast-math -ggdb3 -Wall -Wextra -Wdeprecated-declarations -Wduplicated-cond -Wimplicit-function-declaration -Wimplicit-int -Wmisleading-indentation -Wpointer-arith -Wwrite-strings -Wimplicit-fallthrough=0 -Wmissing-noreturn -Wno-cast-function-type -Wno-constant-logical-operand -Wno-long-long -Wno-missing-field-initializers -Wno-overlength-strings -Wno-packed-bitfield-compat -Wno-parentheses-equality -Wno-self-assign -Wno-tautological-compare -Wno-unused-parameter -Wno-unused-value -Wsuggest-attribute=format -Wsuggest-attribute=noreturn -Wunused-variable -Wundef  -fPIC conftest.c  -L. -L/home/peterheyboer/.rvm/rubies/ruby-3.1.1/lib -Wl,-rpath,/home/peterheyboer/.rvm/rubies/ruby-3.1.1/lib  -lMagickCore-6.Q16 -Wl,-rpath,    -lMagickCore-6.Q16  -Wl,-rpath,'/../lib' -Wl,-rpath,'/../lib' -lruby  -lm  -lc"
checked program was:
/* begin */
 1: #include "ruby.h"
 2: 
 3: #include <assert.h>
 4: #include <ctype.h>
 5: #include <stdio.h>
 6: #include <stdlib.h>
 7: #include <math.h>
 8: #include <time.h>
 9: #include <sys/types.h>
10: #include <magick/MagickCore.h>
11: 
12: /*top*/
13: extern int t(void);
14: int main(int argc, char **argv)
15: {
16:   if (argc > 1000000) {
17:     int (* volatile tp)(void)=(int (*)(void))&t;
18:     printf("%d", (*tp)());
19:   }
20: 
21:   return !!argv[argc];
22: }
23: int t(void) { void ((*volatile p)()); p = (void ((*)()))SetImageGray; return !p; }
/* end */

--------------------

have_func: checking for SetMagickAlignedMemoryMethods() in assert.h,ctype.h,stdio.h,stdlib.h,math.h,time.h,sys/types.h,magick/MagickCore.h... -------------------- no

LD_LIBRARY_PATH=.:/home/peterheyboer/.rvm/rubies/ruby-3.1.1/lib "gcc -o conftest -I/home/peterheyboer/.rvm/rubies/ruby-3.1.1/include/ruby-3.1.0/x86_64-linux -I/home/peterheyboer/.rvm/rubies/ruby-3.1.1/include/ruby-3.1.0/ruby/backward -I/home/peterheyboer/.rvm/rubies/ruby-3.1.1/include/ruby-3.1.0 -I.  -fopenmp -DMAGICKCORE_HDRI_ENABLE=0 -DMAGICKCORE_QUANTUM_DEPTH=16 -I/usr/include/x86_64-linux-gnu//ImageMagick-6 -I/usr/include/ImageMagick-6 -std=gnu99 -O3 -fno-fast-math -ggdb3 -Wall -Wextra -Wdeprecated-declarations -Wduplicated-cond -Wimplicit-function-declaration -Wimplicit-int -Wmisleading-indentation -Wpointer-arith -Wwrite-strings -Wimplicit-fallthrough=0 -Wmissing-noreturn -Wno-cast-function-type -Wno-constant-logical-operand -Wno-long-long -Wno-missing-field-initializers -Wno-overlength-strings -Wno-packed-bitfield-compat -Wno-parentheses-equality -Wno-self-assign -Wno-tautological-compare -Wno-unused-parameter -Wno-unused-value -Wsuggest-attribute=format -Wsuggest-attribute=noreturn -Wunused-variable -Wundef  -fPIC conftest.c  -L. -L/home/peterheyboer/.rvm/rubies/ruby-3.1.1/lib -Wl,-rpath,/home/peterheyboer/.rvm/rubies/ruby-3.1.1/lib  -lMagickCore-6.Q16 -Wl,-rpath,    -lMagickCore-6.Q16  -Wl,-rpath,'/../lib' -Wl,-rpath,'/../lib' -lruby  -lm  -lc"
conftest.c: In function ‘t’:
conftest.c:23:57: error: ‘SetMagickAlignedMemoryMethods’ undeclared (first use in this function); did you mean ‘SetMagickMemoryMethods’?
   23 | int t(void) { void ((*volatile p)()); p = (void ((*)()))SetMagickAlignedMemoryMethods; return !p; }
      |                                                         ^~~~~~~~~~~~~~~~~~~~~~~~~~~~~
      |                                                         SetMagickMemoryMethods
conftest.c:23:57: note: each undeclared identifier is reported only once for each function it appears in
conftest.c: At top level:
cc1: warning: unrecognized command line option ‘-Wno-self-assign’
cc1: warning: unrecognized command line option ‘-Wno-parentheses-equality’
cc1: warning: unrecognized command line option ‘-Wno-constant-logical-operand’
checked program was:
/* begin */
 1: #include "ruby.h"
 2: 
 3: #include <assert.h>
 4: #include <ctype.h>
 5: #include <stdio.h>
 6: #include <stdlib.h>
 7: #include <math.h>
 8: #include <time.h>
 9: #include <sys/types.h>
10: #include <magick/MagickCore.h>
11: 
12: /*top*/
13: extern int t(void);
14: int main(int argc, char **argv)
15: {
16:   if (argc > 1000000) {
17:     int (* volatile tp)(void)=(int (*)(void))&t;
18:     printf("%d", (*tp)());
19:   }
20: 
21:   return !!argv[argc];
22: }
23: int t(void) { void ((*volatile p)()); p = (void ((*)()))SetMagickAlignedMemoryMethods; return !p; }
/* end */

LD_LIBRARY_PATH=.:/home/peterheyboer/.rvm/rubies/ruby-3.1.1/lib "gcc -o conftest -I/home/peterheyboer/.rvm/rubies/ruby-3.1.1/include/ruby-3.1.0/x86_64-linux -I/home/peterheyboer/.rvm/rubies/ruby-3.1.1/include/ruby-3.1.0/ruby/backward -I/home/peterheyboer/.rvm/rubies/ruby-3.1.1/include/ruby-3.1.0 -I.  -fopenmp -DMAGICKCORE_HDRI_ENABLE=0 -DMAGICKCORE_QUANTUM_DEPTH=16 -I/usr/include/x86_64-linux-gnu//ImageMagick-6 -I/usr/include/ImageMagick-6 -std=gnu99 -O3 -fno-fast-math -ggdb3 -Wall -Wextra -Wdeprecated-declarations -Wduplicated-cond -Wimplicit-function-declaration -Wimplicit-int -Wmisleading-indentation -Wpointer-arith -Wwrite-strings -Wimplicit-fallthrough=0 -Wmissing-noreturn -Wno-cast-function-type -Wno-constant-logical-operand -Wno-long-long -Wno-missing-field-initializers -Wno-overlength-strings -Wno-packed-bitfield-compat -Wno-parentheses-equality -Wno-self-assign -Wno-tautological-compare -Wno-unused-parameter -Wno-unused-value -Wsuggest-attribute=format -Wsuggest-attribute=noreturn -Wunused-variable -Wundef  -fPIC conftest.c  -L. -L/home/peterheyboer/.rvm/rubies/ruby-3.1.1/lib -Wl,-rpath,/home/peterheyboer/.rvm/rubies/ruby-3.1.1/lib  -lMagickCore-6.Q16 -Wl,-rpath,    -lMagickCore-6.Q16  -Wl,-rpath,'/../lib' -Wl,-rpath,'/../lib' -lruby  -lm  -lc"
/usr/bin/ld: /tmp/ccwTOYZv.o: in function `t':
/home/peterheyboer/lighthouse/Jungle-Rails/ruby/3.1.0/gems/rmagick-4.2.5/ext/RMagick/conftest.c:24: undefined reference to `SetMagickAlignedMemoryMethods'
collect2: error: ld returned 1 exit status
checked program was:
/* begin */
 1: #include "ruby.h"
 2: 
 3: #include <assert.h>
 4: #include <ctype.h>
 5: #include <stdio.h>
 6: #include <stdlib.h>
 7: #include <math.h>
 8: #include <time.h>
 9: #include <sys/types.h>
10: #include <magick/MagickCore.h>
11: 
12: /*top*/
13: extern int t(void);
14: int main(int argc, char **argv)
15: {
16:   if (argc > 1000000) {
17:     int (* volatile tp)(void)=(int (*)(void))&t;
18:     printf("%d", (*tp)());
19:   }
20: 
21:   return !!argv[argc];
22: }
23: extern void SetMagickAlignedMemoryMethods();
24: int t(void) { SetMagickAlignedMemoryMethods(); return 0; }
/* end */

--------------------

have_header: checking for malloc.h... -------------------- yes

LD_LIBRARY_PATH=.:/home/peterheyboer/.rvm/rubies/ruby-3.1.1/lib "gcc -I/home/peterheyboer/.rvm/rubies/ruby-3.1.1/include/ruby-3.1.0/x86_64-linux -I/home/peterheyboer/.rvm/rubies/ruby-3.1.1/include/ruby-3.1.0/ruby/backward -I/home/peterheyboer/.rvm/rubies/ruby-3.1.1/include/ruby-3.1.0 -I.  -fopenmp -DMAGICKCORE_HDRI_ENABLE=0 -DMAGICKCORE_QUANTUM_DEPTH=16 -I/usr/include/x86_64-linux-gnu//ImageMagick-6 -I/usr/include/ImageMagick-6 -std=gnu99 -O3 -fno-fast-math -ggdb3 -Wall -Wextra -Wdeprecated-declarations -Wduplicated-cond -Wimplicit-function-declaration -Wimplicit-int -Wmisleading-indentation -Wpointer-arith -Wwrite-strings -Wimplicit-fallthrough=0 -Wmissing-noreturn -Wno-cast-function-type -Wno-constant-logical-operand -Wno-long-long -Wno-missing-field-initializers -Wno-overlength-strings -Wno-packed-bitfield-compat -Wno-parentheses-equality -Wno-self-assign -Wno-tautological-compare -Wno-unused-parameter -Wno-unused-value -Wsuggest-attribute=format -Wsuggest-attribute=noreturn -Wunused-variable -Wundef  -fPIC   -c conftest.c"
checked program was:
/* begin */
1: #include "ruby.h"
2: 
3: #include <malloc.h>
/* end */

--------------------

extconf.h is:
/* begin */
 1: #ifndef EXTCONF_H
 2: #define EXTCONF_H
 3: #define HAVE_MAGICK_MAGICKCORE_H 1
 4: #define HAVE_RB_GC_ADJUST_MEMORY_USAGE 1
 5: #define HAVE_POSIX_MEMALIGN 1
 6: #define HAVE_MALLOC_USABLE_SIZE 1
 7: #define HAVE_GETIMAGECHANNELENTROPY 1
 8: #define HAVE_SETIMAGEGRAY 1
 9: #define HAVE_MALLOC_H 1
10: #define RUBY_VERSION_STRING ruby 3.1.1
11: #define RMAGICK_VERSION_STRING RMagick 4.2.5
12: #define IMAGEMAGICK_GREATER_THAN_EQUAL_6_8_9 1
13: #define IMAGEMAGICK_GREATER_THAN_EQUAL_6_9_0 1
14: #define IMAGEMAGICK_GREATER_THAN_EQUAL_6_9_10 1
15: #endif
/* end */

======================================================================
Thu 13 Mar 25 14:53:12
This installation of RMagick 4.2.5 is configured for
Ruby 3.1.1 (x86_64-linux) and ImageMagick 6.9.10
======================================================================


Configured compile options: {:magick_version=>"6.9.10", :local_libs=>" -lMagickCore-6.Q16", :cppflags=>" -fopenmp -DMAGICKCORE_HDRI_ENABLE=0 -DMAGICKCORE_QUANTUM_DEPTH=16 -I/usr/include/x86_64-linux-gnu//ImageMagick-6 -I/usr/include/ImageMagick-6 -std=gnu99", :ldflags=>" -lMagickCore-6.Q16 -Wl,-rpath,", :defs=>[], :config_h=>"Makefile"}