current directory: /home/peterheyboer/lighthouse/Jungle-Rails/ruby/3.1.0/gems/msgpack-1.5.1/ext/msgpack
/home/peterheyboer/.rvm/rubies/ruby-3.1.1/bin/ruby extconf.rb
checking for ruby/st.h... yes
checking for st.h... no
checking for rb_enc_interned_str() in ruby.h... yes
creating Makefile

current directory: /home/peterheyboer/lighthouse/Jungle-Rails/ruby/3.1.0/gems/msgpack-1.5.1/ext/msgpack
make DESTDIR\= sitearchdir\=./.gem.20250313-22599-qabdhe sitelibdir\=./.gem.20250313-22599-qabdhe clean

current directory: /home/peterheyboer/lighthouse/Jungle-Rails/ruby/3.1.0/gems/msgpack-1.5.1/ext/msgpack
make DESTDIR\= sitearchdir\=./.gem.20250313-22599-qabdhe sitelibdir\=./.gem.20250313-22599-qabdhe
compiling buffer.c
compiling buffer_class.c
compiling extension_value_class.c
compiling factory_class.c
compiling packer.c
compiling packer_class.c
compiling packer_ext_registry.c
compiling rbinit.c
compiling rmem.c
compiling unpacker.c
compiling unpacker_class.c
compiling unpacker_ext_registry.c
linking shared-object msgpack/msgpack.so

current directory: /home/peterheyboer/lighthouse/Jungle-Rails/ruby/3.1.0/gems/msgpack-1.5.1/ext/msgpack
make DESTDIR\= sitearchdir\=./.gem.20250313-22599-qabdhe sitelibdir\=./.gem.20250313-22599-qabdhe install
/usr/bin/install -m 0755 msgpack.so ./.gem.20250313-22599-qabdhe/msgpack

current directory: /home/peterheyboer/lighthouse/Jungle-Rails/ruby/3.1.0/gems/msgpack-1.5.1/ext/msgpack
make DESTDIR\= sitearchdir\=./.gem.20250313-22599-qabdhe sitelibdir\=./.gem.20250313-22599-qabdhe clean
