current directory: /home/peterheyboer/lighthouse/Jungle-Rails/ruby/3.1.0/gems/ffi-1.15.5/ext/ffi_c
/home/peterheyboer/.rvm/rubies/ruby-3.1.1/bin/ruby extconf.rb
checking for ffi_prep_closure_loc() in -lffi... yes
checking for ffi_prep_cif_var()... yes
checking for ffi_raw_call()... yes
checking for ffi_prep_raw_closure()... yes
checking for whether -pthread is accepted as LDFLAGS... yes
creating extconf.h
creating Makefile

current directory: /home/peterheyboer/lighthouse/Jungle-Rails/ruby/3.1.0/gems/ffi-1.15.5/ext/ffi_c
make DESTDIR\= sitearchdir\=./.gem.20250313-22599-ecm96w sitelibdir\=./.gem.20250313-22599-ecm96w clean

current directory: /home/peterheyboer/lighthouse/Jungle-Rails/ruby/3.1.0/gems/ffi-1.15.5/ext/ffi_c
make DESTDIR\= sitearchdir\=./.gem.20250313-22599-ecm96w sitelibdir\=./.gem.20250313-22599-ecm96w
compiling AbstractMemory.c
compiling ArrayType.c
compiling Buffer.c
compiling Call.c
compiling ClosurePool.c
compiling DynamicLibrary.c
compiling Function.c
compiling FunctionInfo.c
compiling LastError.c
compiling LongDouble.c
compiling MappedType.c
compiling MemoryPointer.c
compiling MethodHandle.c
compiling Platform.c
compiling Pointer.c
compiling Struct.c
compiling StructByValue.c
compiling StructLayout.c
compiling Thread.c
compiling Type.c
compiling Types.c
compiling Variadic.c
compiling ffi.c
linking shared-object ffi_c.so

current directory: /home/peterheyboer/lighthouse/Jungle-Rails/ruby/3.1.0/gems/ffi-1.15.5/ext/ffi_c
make DESTDIR\= sitearchdir\=./.gem.20250313-22599-ecm96w sitelibdir\=./.gem.20250313-22599-ecm96w install
/usr/bin/install -m 0755 ffi_c.so ./.gem.20250313-22599-ecm96w

current directory: /home/peterheyboer/lighthouse/Jungle-Rails/ruby/3.1.0/gems/ffi-1.15.5/ext/ffi_c
make DESTDIR\= sitearchdir\=./.gem.20250313-22599-ecm96w sitelibdir\=./.gem.20250313-22599-ecm96w clean
