current directory: /home/peterheyboer/lighthouse/Jungle-Rails/ruby/3.1.0/gems/puma-5.6.4/ext/puma_http11
/home/peterheyboer/.rvm/rubies/ruby-3.1.1/bin/ruby extconf.rb
using OpenSSL pkgconfig (openssl.pc)
checking for openssl/bio.h... yes
checking for DTLS_method() in openssl/ssl.h... yes
checking for TLS_server_method() in openssl/ssl.h... yes
checking for SSL_CTX_set_min_proto_version(NULL, 0) in openssl/ssl.h... yes
checking for X509_STORE_up_ref()... yes
checking for SSL_CTX_set_ecdh_auto(NULL, 0) in openssl/ssl.h... yes
checking for SSL_get1_peer_certificate() in openssl/ssl.h... no
checking for Random.bytes... yes
creating Makefile

current directory: /home/peterheyboer/lighthouse/Jungle-Rails/ruby/3.1.0/gems/puma-5.6.4/ext/puma_http11
make DESTDIR\= sitearchdir\=./.gem.20250313-22599-bi8j6j sitelibdir\=./.gem.20250313-22599-bi8j6j clean

current directory: /home/peterheyboer/lighthouse/Jungle-Rails/ruby/3.1.0/gems/puma-5.6.4/ext/puma_http11
make DESTDIR\= sitearchdir\=./.gem.20250313-22599-bi8j6j sitelibdir\=./.gem.20250313-22599-bi8j6j
compiling http11_parser.c
compiling mini_ssl.c
compiling puma_http11.c
linking shared-object puma/puma_http11.so

current directory: /home/peterheyboer/lighthouse/Jungle-Rails/ruby/3.1.0/gems/puma-5.6.4/ext/puma_http11
make DESTDIR\= sitearchdir\=./.gem.20250313-22599-bi8j6j sitelibdir\=./.gem.20250313-22599-bi8j6j install
/usr/bin/install -m 0755 puma_http11.so ./.gem.20250313-22599-bi8j6j/puma

current directory: /home/peterheyboer/lighthouse/Jungle-Rails/ruby/3.1.0/gems/puma-5.6.4/ext/puma_http11
make DESTDIR\= sitearchdir\=./.gem.20250313-22599-bi8j6j sitelibdir\=./.gem.20250313-22599-bi8j6j clean
