current directory: /home/peterheyboer/lighthouse/Jungle-Rails/ruby/3.1.0/gems/bcrypt-3.1.17/ext/mri
/home/peterheyboer/.rvm/rubies/ruby-3.1.1/bin/ruby extconf.rb
creating Makefile

current directory: /home/peterheyboer/lighthouse/Jungle-Rails/ruby/3.1.0/gems/bcrypt-3.1.17/ext/mri
make DESTDIR\= sitearchdir\=./.gem.20250313-22599-mi7hfv sitelibdir\=./.gem.20250313-22599-mi7hfv clean

current directory: /home/peterheyboer/lighthouse/Jungle-Rails/ruby/3.1.0/gems/bcrypt-3.1.17/ext/mri
make DESTDIR\= sitearchdir\=./.gem.20250313-22599-mi7hfv sitelibdir\=./.gem.20250313-22599-mi7hfv
compiling bcrypt_ext.c
compiling crypt_blowfish.c
gcc  -D__SKIP_GNU     -c -o x86.o x86.S
compiling crypt_gensalt.c
compiling wrapper.c
wrapper.c:182:60: warning: ‘struct crypt_data’ declared inside parameter list will not be visible outside of this definition or declaration
  182 | char *crypt_r(const char *key, const char *setting, struct crypt_data *data)
      |                                                            ^~~~~~~~~~
cc1: warning: unrecognized command line option ‘-Wno-self-assign’
cc1: warning: unrecognized command line option ‘-Wno-parentheses-equality’
cc1: warning: unrecognized command line option ‘-Wno-constant-logical-operand’
linking shared-object bcrypt_ext.so

current directory: /home/peterheyboer/lighthouse/Jungle-Rails/ruby/3.1.0/gems/bcrypt-3.1.17/ext/mri
make DESTDIR\= sitearchdir\=./.gem.20250313-22599-mi7hfv sitelibdir\=./.gem.20250313-22599-mi7hfv install
/usr/bin/install -m 0755 bcrypt_ext.so ./.gem.20250313-22599-mi7hfv

current directory: /home/peterheyboer/lighthouse/Jungle-Rails/ruby/3.1.0/gems/bcrypt-3.1.17/ext/mri
make DESTDIR\= sitearchdir\=./.gem.20250313-22599-mi7hfv sitelibdir\=./.gem.20250313-22599-mi7hfv clean
